<?xml version="1.0" encoding="UTF-8"?>
<testng-results skipped="0" failed="0" ignored="0" total="4" passed="4">
  <reporter-output>
  </reporter-output>
  <suite name="Default suite" duration-ms="145" started-at="2021-02-18T18:46:11 IST" finished-at="2021-02-18T18:46:12 IST">
    <groups>
    </groups>
    <test name="Default test" duration-ms="145" started-at="2021-02-18T18:46:11 IST" finished-at="2021-02-18T18:46:12 IST">
      <class name="TestNGStart.Day1Test">
        <test-method status="PASS" signature="beforeclass()[pri:0, instance:TestNGStart.Day1Test@887af79]" name="beforeclass" is-config="true" duration-ms="18" started-at="2021-02-18T18:46:11 IST" finished-at="2021-02-18T18:46:11 IST">
          <reporter-output>
          </reporter-output>
        </test-method> <!-- beforeclass -->
        <test-method status="PASS" signature="MobileAutomation()[pri:0, instance:TestNGStart.Day1Test@887af79]" name="MobileAutomation" duration-ms="11" started-at="2021-02-18T18:46:11 IST" finished-at="2021-02-18T18:46:11 IST">
          <reporter-output>
          </reporter-output>
        </test-method> <!-- MobileAutomation -->
        <test-method status="PASS" signature="RestAPIAutomation()[pri:0, instance:TestNGStart.Day1Test@887af79]" name="RestAPIAutomation" duration-ms="4" started-at="2021-02-18T18:46:11 IST" finished-at="2021-02-18T18:46:11 IST">
          <reporter-output>
          </reporter-output>
        </test-method> <!-- RestAPIAutomation -->
        <test-method status="PASS" signature="WebAutomation()[pri:0, instance:TestNGStart.Day1Test@887af79]" name="WebAutomation" duration-ms="2" started-at="2021-02-18T18:46:11 IST" finished-at="2021-02-18T18:46:11 IST">
          <reporter-output>
          </reporter-output>
        </test-method> <!-- WebAutomation -->
        <test-method status="PASS" signature="demo()[pri:0, instance:TestNGStart.Day1Test@887af79]" name="demo" duration-ms="3" started-at="2021-02-18T18:46:11 IST" finished-at="2021-02-18T18:46:11 IST">
          <reporter-output>
          </reporter-output>
        </test-method> <!-- demo -->
      </class> <!-- TestNGStart.Day1Test -->
    </test> <!-- Default test -->
  </suite> <!-- Default suite -->
</testng-results>
