<?xml version="1.0" encoding="UTF-8"?>
<!-- Generated by org.testng.reporters.JUnitXMLReporter -->
<testsuite hostname="DESKTOP-R8CC41F" name="Test" tests="4" failures="0" timestamp="28 Dec 2020 08:54:28 GMT" time="0.031" errors="0">
  <testcase name="Appium" time="0.009" classname="Aryaved.MavenDemo.AppiumTest"/>
  <testcase name="MobileTest" time="0.001" classname="Aryaved.MavenDemo.AppiumTest"/>
  <testcase name="Automation" time="0.001" classname="Aryaved.MavenDemo.SeleniumTest"/>
  <testcase name="Selenium" time="0.001" classname="Aryaved.MavenDemo.SeleniumTest"/>
</testsuite> <!-- Test -->
