<?xml version="1.0" encoding="UTF-8"?>
<testng-results skipped="0" failed="0" total="1" passed="1">
  <reporter-output>
  </reporter-output>
  <suite name="Default suite" duration-ms="19759" started-at="2021-02-22T10:20:24Z" finished-at="2021-02-22T10:20:44Z">
    <groups>
    </groups>
    <test name="Default test" duration-ms="19759" started-at="2021-02-22T10:20:24Z" finished-at="2021-02-22T10:20:44Z">
      <class name="TestCases.LoginHomepage">
        <test-method status="PASS" signature="Login()[pri:0, instance:TestCases.LoginHomepage@6ab7a896]" name="Login" duration-ms="19736" started-at="2021-02-22T15:50:24Z" finished-at="2021-02-22T15:50:44Z">
          <reporter-output>
          </reporter-output>
        </test-method> <!-- Login -->
      </class> <!-- TestCases.LoginHomepage -->
    </test> <!-- Default test -->
  </suite> <!-- Default suite -->
</testng-results>
