<?xml version="1.0" encoding="UTF-8"?>
<testng-results skipped="0" failed="0" ignored="0" total="1" passed="1">
  <reporter-output>
  </reporter-output>
  <suite name="Default suite" duration-ms="2498" started-at="2021-06-06T18:47:39 IST" finished-at="2021-06-06T18:47:41 IST">
    <groups>
    </groups>
    <test name="Default test" duration-ms="2498" started-at="2021-06-06T18:47:39 IST" finished-at="2021-06-06T18:47:41 IST">
      <class name="RestAssuredAPI.SumValidation">
        <test-method status="PASS" signature="sumofCourses()[pri:0, instance:RestAssuredAPI.SumValidation@9660f4e]" name="sumofCourses" duration-ms="2440" started-at="2021-06-06T18:47:39 IST" finished-at="2021-06-06T18:47:41 IST">
          <reporter-output>
          </reporter-output>
        </test-method> <!-- sumofCourses -->
      </class> <!-- RestAssuredAPI.SumValidation -->
    </test> <!-- Default test -->
  </suite> <!-- Default suite -->
</testng-results>
