<?xml version="1.0" encoding="UTF-8"?>
<testng-results skipped="0" failed="0" total="2" passed="2">
  <reporter-output>
  </reporter-output>
  <suite name="Default suite" duration-ms="22790" started-at="2021-03-06T10:56:33Z" finished-at="2021-03-06T10:56:56Z">
    <groups>
    </groups>
    <test name="Default test" duration-ms="22790" started-at="2021-03-06T10:56:33Z" finished-at="2021-03-06T10:56:56Z">
      <class name="Academy.E2EProject.Homepage">
        <test-method status="PASS" signature="basepageNavigation(java.lang.String, java.lang.String, java.lang.String)[pri:0, instance:Academy.E2EProject.Homepage@23529fee]" name="basepageNavigation" duration-ms="10980" started-at="2021-03-06T16:26:33Z" data-provider="getdata" finished-at="2021-03-06T16:26:44Z">
          <params>
            <param index="0">
              <value>
                <![CDATA[restrictedUsername@gmail.com]]>
              </value>
            </param>
            <param index="1">
              <value>
                <![CDATA[0123456789]]>
              </value>
            </param>
            <param index="2">
              <value>
                <![CDATA[RestrictedUser]]>
              </value>
            </param>
          </params>
          <reporter-output>
          </reporter-output>
        </test-method> <!-- basepageNavigation -->
        <test-method status="PASS" signature="basepageNavigation(java.lang.String, java.lang.String, java.lang.String)[pri:0, instance:Academy.E2EProject.Homepage@23529fee]" name="basepageNavigation" duration-ms="11111" started-at="2021-03-06T16:26:44Z" data-provider="getdata" finished-at="2021-03-06T16:26:56Z">
          <params>
            <param index="0">
              <value>
                <![CDATA[non-restrictedusername@gmail.com]]>
              </value>
            </param>
            <param index="1">
              <value>
                <![CDATA[4343225235]]>
              </value>
            </param>
            <param index="2">
              <value>
                <![CDATA[Non-RestrictedUser]]>
              </value>
            </param>
          </params>
          <reporter-output>
          </reporter-output>
        </test-method> <!-- basepageNavigation -->
        <test-method status="PASS" signature="teardown()[pri:0, instance:Academy.E2EProject.Homepage@23529fee]" name="teardown" is-config="true" duration-ms="668" started-at="2021-03-06T16:26:56Z" finished-at="2021-03-06T16:26:56Z">
          <reporter-output>
          </reporter-output>
        </test-method> <!-- teardown -->
      </class> <!-- Academy.E2EProject.Homepage -->
    </test> <!-- Default test -->
  </suite> <!-- Default suite -->
</testng-results>
