<?xml version="1.0" encoding="UTF-8"?>
<testng-results skipped="0" failed="0" ignored="0" total="1" passed="1">
  <reporter-output>
  </reporter-output>
  <suite name="Default suite" duration-ms="11884" started-at="2020-12-29T07:24:35 IST" finished-at="2020-12-29T07:24:47 IST">
    <groups>
    </groups>
    <test name="Default test" duration-ms="11884" started-at="2020-12-29T07:24:35 IST" finished-at="2020-12-29T07:24:47 IST">
      <class name="ExtentReport.Tutorial.ExtentReportDemo">
        <test-method status="PASS" signature="Config()[pri:0, instance:ExtentReport.Tutorial.ExtentReportDemo@184f6be2]" name="Config" is-config="true" duration-ms="381" started-at="2020-12-29T07:24:35 IST" finished-at="2020-12-29T07:24:36 IST">
          <reporter-output>
          </reporter-output>
        </test-method> <!-- Config -->
        <test-method status="PASS" signature="InitialDemo()[pri:0, instance:ExtentReport.Tutorial.ExtentReportDemo@184f6be2]" name="InitialDemo" duration-ms="11451" started-at="2020-12-29T07:24:36 IST" finished-at="2020-12-29T07:24:47 IST">
          <reporter-output>
          </reporter-output>
        </test-method> <!-- InitialDemo -->
      </class> <!-- ExtentReport.Tutorial.ExtentReportDemo -->
    </test> <!-- Default test -->
  </suite> <!-- Default suite -->
</testng-results>
