<?xml version="1.0" encoding="UTF-8"?>
<!-- Generated by org.testng.reporters.JUnitXMLReporter -->
<testsuite hostname="DESKTOP-R8CC41F" ignored="0" name="Default test" tests="4" failures="0" timestamp="2021-02-18T18:46:12 IST" time="0.145" errors="0">
  <testcase name="MobileAutomation" time="0.011" classname="TestNGStart.Day1Test"/>
  <testcase name="RestAPIAutomation" time="0.004" classname="TestNGStart.Day1Test"/>
  <testcase name="WebAutomation" time="0.002" classname="TestNGStart.Day1Test"/>
  <testcase name="demo" time="0.003" classname="TestNGStart.Day1Test"/>
</testsuite> <!-- Default test -->
