<?xml version="1.0" encoding="UTF-8"?>
<!-- Generated by org.testng.reporters.JUnitXMLReporter -->
<testsuite hostname="DESKTOP-R8CC41F" ignored="0" name="LoanTypes" tests="9" failures="0" timestamp="2020-12-27T07:53:31 IST" time="0.042" errors="0">
  <testcase name="PersonalLoan" time="0.0" classname="TestNGStart.Day2Test"/>
  <testcase name="PersonalLoanApproval" time="0.011" classname="TestNGStart.Day2Test"/>
  <testcase name="PersonalLoanLogin" time="0.0" classname="TestNGStart.Day2Test"/>
  <testcase name="groups1" time="0.0" classname="TestNGStart.Day2Test"/>
  <testcase name="CarLoanApply" time="0.0" classname="TestNGStart.Day4Test"/>
  <testcase name="CarLoanApproval" time="0.0" classname="TestNGStart.Day4Test"/>
  <testcase name="CarLoanLogin" time="0.0" classname="TestNGStart.Day4Test"/>
  <testcase name="CarLoangranted" time="0.011" classname="TestNGStart.Day4Test"/>
  <testcase name="group3" time="0.0" classname="TestNGStart.Day4Test"/>
</testsuite> <!-- LoanTypes -->
