<?xml version="1.0" encoding="UTF-8"?>
<!-- Generated by org.testng.reporters.JUnitXMLReporter -->
<testsuite hostname="DESKTOP-R8CC41F" ignored="0" name="Testing Tools" tests="9" failures="0" timestamp="2020-12-27T07:53:31 IST" time="0.089" errors="0">
  <testcase name="MobileAutomation" time="0.01" classname="TestNGStart.Day1Test"/>
  <testcase name="RestAPIAutomation" time="0.0" classname="TestNGStart.Day1Test"/>
  <testcase name="WebAutomation" time="0.008" classname="TestNGStart.Day1Test"/>
  <testcase name="demo" time="0.0" classname="TestNGStart.Day1Test"/>
  <testcase name="HomeLoan" time="0.0" classname="TestNGStart.Day3Test"/>
  <testcase name="HomeLoanApproval" time="0.0" classname="TestNGStart.Day3Test"/>
  <testcase name="HomeLoanCredited" time="0.0" classname="TestNGStart.Day3Test"/>
  <testcase name="HomeLoanInitiated" time="0.008" classname="TestNGStart.Day3Test"/>
  <testcase name="group2" time="0.0" classname="TestNGStart.Day3Test"/>
</testsuite> <!-- Testing Tools -->
