<?xml version="1.0" encoding="UTF-8"?>
<testng-results skipped="0" failed="0" total="1" passed="1">
  <reporter-output>
  </reporter-output>
  <suite name="Default suite" duration-ms="9106" started-at="2021-03-09T13:58:52Z" finished-at="2021-03-09T13:59:01Z">
    <groups>
    </groups>
    <test name="Default test" duration-ms="9106" started-at="2021-03-09T13:58:52Z" finished-at="2021-03-09T13:59:01Z">
      <class name="Demo.Framework.Homepage">
        <test-method status="PASS" signature="Initialize()[pri:0, instance:Demo.Framework.Homepage@55634720]" name="Initialize" is-config="true" duration-ms="8385" started-at="2021-03-09T19:28:52Z" finished-at="2021-03-09T19:29:00Z">
          <reporter-output>
          </reporter-output>
        </test-method> <!-- Initialize -->
        <test-method status="PASS" signature="Homepage()[pri:0, instance:Demo.Framework.Homepage@55634720]" name="Homepage" duration-ms="453" started-at="2021-03-09T19:29:00Z" finished-at="2021-03-09T19:29:01Z">
          <reporter-output>
          </reporter-output>
        </test-method> <!-- Homepage -->
        <test-method status="PASS" signature="logout()[pri:0, instance:Demo.Framework.Homepage@55634720]" name="logout" is-config="true" duration-ms="246" started-at="2021-03-09T19:29:01Z" finished-at="2021-03-09T19:29:01Z">
          <reporter-output>
          </reporter-output>
        </test-method> <!-- logout -->
      </class> <!-- Demo.Framework.Homepage -->
    </test> <!-- Default test -->
  </suite> <!-- Default suite -->
</testng-results>
